2025-12-19T18:27:43+01:00 incoming $_FILES: {"name":["test_passport.jpg"],"full_path":["test_passport.jpg"],"type":["image\/jpeg"],"tmp_name":["C:\\xampp\\tmp\\php7F9C.tmp"],"error":[0],"size":[85]}
2025-12-19T18:28:16+01:00 incoming $_FILES: {"name":["test_passport.jpg"],"full_path":["test_passport.jpg"],"type":["image\/jpeg"],"tmp_name":["C:\\xampp\\tmp\\php298.tmp"],"error":[0],"size":[85]}
2025-12-19T18:29:06+01:00 incoming $_FILES: {"name":["test_passport.jpg"],"full_path":["test_passport.jpg"],"type":["image\/jpeg"],"tmp_name":["C:\\xampp\\tmp\\phpC1A3.tmp"],"error":[0],"size":[85]}
2025-12-19T18:29:41+01:00 incoming $_FILES: {"name":["test_passport.jpg"],"full_path":["test_passport.jpg"],"type":["image\/jpeg"],"tmp_name":["C:\\xampp\\tmp\\php4BA4.tmp"],"error":[0],"size":[85]}
2025-12-19T18:29:41+01:00 loop idx=0 name=test_passport.jpg type_raw=image/jpeg size=85
2025-12-19T18:30:42+01:00 incoming $_FILES: {"name":["test_passport.jpg"],"full_path":["test_passport.jpg"],"type":["image\/jpeg"],"tmp_name":["C:\\xampp\\tmp\\php3C8D.tmp"],"error":[0],"size":[85]}
2025-12-19T18:30:42+01:00 loop idx=0 name=test_passport.jpg type_raw=image/jpeg size=85
2025-12-19T18:30:42+01:00 getimagesize failed for test_passport.jpg
2025-12-19T18:30:42+01:00 invalid file test_passport.jpg type=image/jpeg
2025-12-19T18:30:59+01:00 incoming $_FILES: {"name":["localhost__desktop.png"],"full_path":["localhost__desktop.png"],"type":["image\/png"],"tmp_name":["C:\\xampp\\tmp\\php7E98.tmp"],"error":[0],"size":[63751]}
2025-12-19T18:30:59+01:00 loop idx=0 name=localhost__desktop.png type_raw=image/png size=63751
2025-12-19T18:30:59+01:00 saved localhost__desktop.png -> C:\xampp\htdocs\HIGH-Q\public/uploads/chat/e1c7762f00573aed.png
2026-01-24T20:52:55+01:00 incoming $_FILES: {"name":["c.jpg"],"full_path":["c.jpg"],"type":["image\/jpeg"],"tmp_name":["C:\\xampp\\tmp\\phpBF69.tmp"],"error":[0],"size":[158667]}
2026-01-24T20:52:55+01:00 loop idx=0 name=c.jpg type_raw=image/jpeg size=158667
2026-01-24T20:52:55+01:00 saved c.jpg -> C:\xampp\htdocs\HIGH-Q\public/uploads/chat/58edc19e7895a0f8.jpg
2026-02-08T21:16:17+01:00 incoming $_FILES: {"name":["ggg.pdf"],"full_path":["ggg.pdf"],"type":["application\/pdf"],"tmp_name":["C:\\xampp\\tmp\\php7BDA.tmp"],"error":[0],"size":[15230219]}
2026-02-08T21:16:17+01:00 loop idx=0 name=ggg.pdf type_raw=application/pdf size=15230219
2026-02-08T21:16:17+01:00 saved ggg.pdf -> C:\xampp\htdocs\HIGH-Q\public/uploads/chat/795da8dfc894779b.pdf
2026-02-08T21:18:24+01:00 incoming $_FILES: {"name":["main.py"],"full_path":["main.py"],"type":["text\/x-python"],"tmp_name":["C:\\xampp\\tmp\\php6C50.tmp"],"error":[0],"size":[0]}
2026-02-08T21:18:24+01:00 loop idx=0 name=main.py type_raw=text/x-python size=0
2026-02-08T21:18:24+01:00 skip disallowed type text/x-python for main.py
