[2025-10-04 12:59:36] Confirm registration error: SQLSTATE[42S22]: Column not found: 1054 Unknown column 'registration_id' in 'field list' -- in C:\xampp\htdocs\HIGH-Q\admin\pages\students.php:36
#0 C:\xampp\htdocs\HIGH-Q\admin\pages\students.php(36): PDO->prepare('\n            IN...')
#1 C:\xampp\htdocs\HIGH-Q\admin\pages\index.php(128): include('C:\\xampp\\htdocs...')
#2 {main}

[2025-10-04 14:58:58] Confirm registration error: SQLSTATE[42S22]: Column not found: 1054 Unknown column 'registration_id' in 'field list' -- in C:\xampp\htdocs\HIGH-Q\admin\pages\students.php:36
#0 C:\xampp\htdocs\HIGH-Q\admin\pages\students.php(36): PDO->prepare('\n            IN...')
#1 C:\xampp\htdocs\HIGH-Q\admin\pages\index.php(128): include('C:\\xampp\\htdocs...')
#2 {main}

[2025-10-04 15:29:21] Confirm registration error: SQLSTATE[42S22]: Column not found: 1054 Unknown column 'registration_id' in 'field list' -- in C:\xampp\htdocs\HIGH-Q\admin\pages\students.php:101
#0 C:\xampp\htdocs\HIGH-Q\admin\pages\students.php(101): PDO->prepare('\n            IN...')
#1 C:\xampp\htdocs\HIGH-Q\admin\pages\index.php(143): include('C:\\xampp\\htdocs...')
#2 {main}

[2025-10-04 15:30:15] Confirm registration error: SQLSTATE[42S22]: Column not found: 1054 Unknown column 'registration_id' in 'field list' -- in C:\xampp\htdocs\HIGH-Q\admin\pages\students.php:101
#0 C:\xampp\htdocs\HIGH-Q\admin\pages\students.php(101): PDO->prepare('\n            IN...')
#1 C:\xampp\htdocs\HIGH-Q\admin\pages\index.php(143): include('C:\\xampp\\htdocs...')
#2 {main}

[2025-10-04T16:15:03+02:00] Mailer Exception: SMTP Error: Could not connect to SMTP host. Failed to connect to server SMTP server error: Failed to connect to server Additional SMTP info: php_network_getaddresses: getaddrinfo for smtp.gmail.com failed: No such host is known. 

[2025-10-04T17:28:45+02:00] Mailer Exception: SMTP Error: Could not connect to SMTP host. Connection failed. stream_socket_enable_crypto(): SSL operation failed with code 1. OpenSSL Error messages:
error:0A000086:SSL routines::certificate verify failed SMTP server error: QUIT command failed
[2025-10-04T17:32:16+02:00] Mailer Exception: SMTP Error: Could not connect to SMTP host. Connection failed. stream_socket_enable_crypto(): SSL operation failed with code 1. OpenSSL Error messages:
error:0A000086:SSL routines::certificate verify failed SMTP server error: QUIT command failed
[2025-10-04T20:44:24+02:00] Mailer Exception: SMTP Error: Could not connect to SMTP host. Connection failed. stream_socket_enable_crypto(): SSL operation failed with code 1. OpenSSL Error messages:
error:0A000086:SSL routines::certificate verify failed SMTP server error: QUIT command failed
[2025-10-04T21:12:16+02:00] Mailer Exception: SMTP Error: Could not connect to SMTP host. Connection failed. stream_socket_enable_crypto(): SSL operation failed with code 1. OpenSSL Error messages:
error:0A000086:SSL routines::certificate verify failed SMTP server error: QUIT command failed
[2025-10-04T21:12:18+02:00] Mailer Exception: SMTP Error: Could not connect to SMTP host. Connection failed. stream_socket_enable_crypto(): SSL operation failed with code 1. OpenSSL Error messages:
error:0A000086:SSL routines::certificate verify failed SMTP server error: QUIT command failed
[2025-10-04T21:12:20+02:00] Mailer Exception: SMTP Error: Could not connect to SMTP host. Connection failed. stream_socket_enable_crypto(): SSL operation failed with code 1. OpenSSL Error messages:
error:0A000086:SSL routines::certificate verify failed SMTP server error: QUIT command failed
[2025-10-04T21:12:22+02:00] Mailer Exception: SMTP Error: Could not connect to SMTP host. Connection failed. stream_socket_enable_crypto(): SSL operation failed with code 1. OpenSSL Error messages:
error:0A000086:SSL routines::certificate verify failed SMTP server error: QUIT command failed
[2025-10-04T21:49:00+02:00] Mailer Exception: SMTP Error: Could not connect to SMTP host. Connection failed. stream_socket_enable_crypto(): SSL operation failed with code 1. OpenSSL Error messages:
error:0A000086:SSL routines::certificate verify failed SMTP server error: QUIT command failed
[2025-10-04T21:51:16+02:00] Mailer Exception: SMTP Error: Could not connect to SMTP host. Connection failed. stream_socket_enable_crypto(): SSL operation failed with code 1. OpenSSL Error messages:
error:0A000086:SSL routines::certificate verify failed SMTP server error: QUIT command failed
[2025-10-04T21:52:31+02:00] Mailer Exception: SMTP Error: Could not connect to SMTP host. Connection failed. stream_socket_enable_crypto(): SSL operation failed with code 1. OpenSSL Error messages:
error:0A000086:SSL routines::certificate verify failed SMTP server error: QUIT command failed
[2025-10-16T13:34:03+02:00] Mailer Exception: SMTP Error: Could not connect to SMTP host. Connection failed. stream_socket_enable_crypto(): SSL operation failed with code 1. OpenSSL Error messages:
error:0A000086:SSL routines::certificate verify failed SMTP server error: QUIT command failed
[2025-10-20T01:44:12+02:00] Mailer Exception: SMTP Error: Could not connect to SMTP host. Connection failed. stream_socket_enable_crypto(): SSL operation failed with code 1. OpenSSL Error messages:
error:0A000086:SSL routines::certificate verify failed SMTP server error: QUIT command failed
[2025-10-25 21:37:18] Confirm registration error: Registration not found -- in C:\xampp\htdocs\HIGH-Q\admin\pages\students.php:180
#0 C:\xampp\htdocs\HIGH-Q\admin\pages\index.php(143): include()
#1 {main}

